<?xml version="1.0" encoding="UTF-8"?>
<!-- Generated by org.testng.reporters.JUnitReportReporter -->
<testsuite hostname="Vani" failures="0" tests="2" name="tests.TestClass" time="15.775" errors="0" timestamp="2025-06-08T12:11:22 IST" skipped="0">
  <testcase classname="tests.TestClass" name="dragAndDrop" time="9.988"/>
  <testcase classname="tests.TestClass" name="test2" time="5.787"/>
</testsuite> <!-- tests.TestClass -->
